{"message":"weekId is required","level":"error"}
{"message":"Bookmark with id 6 created.","level":"info"}
{"message":"Bookmark with id 7 created.","level":"info"}
{"message":"Week with id 4 created","level":"info"}
{"message":"Week with id 5 created","level":"info"}
{"message":"Week with id 6 created","level":"info"}
{"message":"Week with id 7 created","level":"info"}
{"message":"Week with id 8 created","level":"info"}
{"message":"Job with id 7 deleted.","level":"info"}
{"message":"Job with id 6 deleted.","level":"info"}
{"message":"name is required","level":"error"}
{"message":"Week with id 9 created","level":"info"}
{"message":"Week with id 10 created","level":"info"}
{"message":"Week with id 11 created","level":"info"}
{"message":"Week with id 12 created","level":"info"}
{"message":"Week with id 13 created","level":"info"}
{"message":"Week with id 14 created","level":"info"}
{"message":"Week with id 15 created","level":"info"}
{"message":"Week with id 16 created","level":"info"}
{"message":"Week with id 17 created","level":"info"}
{"message":"Week with id 18 created","level":"info"}
{"message":"Week with id 19 created","level":"info"}
{"message":"name is required","level":"error"}
{"message":"Week with id 20 created","level":"info"}
{"message":"weekId is required","level":"error"}
{"message":"weekId is required","level":"error"}
{"message":"weekId is required","level":"error"}
{"message":"weekId is required","level":"error"}
{"message":"weekId is required","level":"error"}
{"message":"name is required","level":"error"}
{"message":"Week with id 21 created","level":"info"}
{"message":"Week with id 22 created","level":"info"}
{"message":"name is required","level":"error"}
{"message":"Week with id 23 created","level":"info"}
{"message":"Week with id 24 created","level":"info"}
{"message":"Job with id 4 deleted.","level":"info"}
{"message":"weekId is required","level":"error"}
{"message":"weekId is required","level":"error"}
{"message":"weekId is required","level":"error"}
{"message":"Job with id 2 deleted.","level":"info"}
{"message":"weekId is required","level":"error"}
{"message":"weekId is required","level":"error"}
{"message":"name is required","level":"error"}
{"message":"Bookmark with id 8 created.","level":"info"}
{"message":"Job with id 8 deleted.","level":"info"}
{"message":"Week with id 25 created","level":"info"}
{"message":"Bookmark with id 9 created.","level":"info"}
{"message":"Bookmark with id 6 created.","level":"info"}
{"message":"Job with id 6 deleted.","level":"info"}
{"message":"Bookmark with id 7 created.","level":"info"}
{"message":"Job with id 7 deleted.","level":"info"}
{"message":"Week with id 4 created","level":"info"}
{"message":"Bookmark with id 8 created.","level":"info"}
{"message":"name is required","level":"error"}
{"message":"Bookmark with id 9 created.","level":"info"}
{"message":"name is required","level":"error"}
{"message":"Bookmark with id 6 created.","level":"info"}
{"message":"Job with id 6 deleted.","level":"info"}
{"message":"Job with id 2 deleted.","level":"info"}
{"message":"Bookmark with id 7 created.","level":"info"}
{"message":"Job with id 7 deleted.","level":"info"}
{"message":"Week with id 4 created","level":"info"}
{"message":"Week with id 5 created","level":"info"}
{"message":"Bookmark with id 8 created.","level":"info"}
{"message":"jobtitle is required","level":"error"}
{"message":"jobtitle is required","level":"error"}
{"message":"name is required","level":"error"}
{"message":"name is required","level":"error"}
{"message":"Bookmark with id 6 created.","level":"info"}
{"message":"Bookmark with id 7 created.","level":"info"}
{"message":"Job with id 7 deleted.","level":"info"}
{"message":"Job with id 6 deleted.","level":"info"}
{"message":"Job with id 5 deleted.","level":"info"}
{"message":"Job with id 2 deleted.","level":"info"}
{"message":"Bookmark with id 8 created.","level":"info"}
{"message":"Bookmark with id 9 created.","level":"info"}
{"message":"Bookmark with id 10 created.","level":"info"}
{"message":"Week with id 4 created","level":"info"}
{"message":"Bookmark with id 11 created.","level":"info"}
